#
# A fatal error has been detected by the Java Runtime Environment:
#
#  EXCEPTION_ACCESS_VIOLATION (0xc0000005) at pc=0x00007ff86b5c3794, pid=1396, tid=0x00000000000046f4
#
# JRE version: Java(TM) SE Runtime Environment (8.0_111-b14) (build 1.8.0_111-b14)
# Java VM: Java HotSpot(TM) 64-Bit Server VM (25.111-b14 mixed mode windows-amd64 compressed oops)
# Problematic frame:
# C  [igxelpicd64.dll+0xf3794]
#
# Failed to write core dump. Minidumps are not enabled by default on client versions of Windows
#
# If you would like to submit a bug report, please visit:
#   http://bugreport.java.com/bugreport/crash.jsp
# The crash happened outside the Java Virtual Machine in native code.
# See problematic frame for where to report the bug.
#

---------------  T H R E A D  ---------------

Current thread (0x00000000172b3000):  JavaThread "AWT-EventQueue-0" [_thread_in_native, id=18164, stack(0x0000000020000000,0x0000000020100000)]

siginfo: ExceptionCode=0xc0000005, reading address 0x0000000000000098

Registers:
RAX=0x00000000192200d0, RBX=0x000000001e528c50, RCX=0x000000001e5348a0, RDX=0x0000000000000000
RSP=0x00000000200b5aa0, RBP=0x00000000200b5bd0, RSI=0x000000001e4f4080, RDI=0x000000000000050c
R8 =0x000000001e5289b0, R9 =0x000000001e52a470, R10=0x000000001b7b050c, R11=0x0000000000000000
R12=0x000000001e5294e0, R13=0x000000001e5337a0, R14=0x000000001e5294f0, R15=0x00000000192200d0
RIP=0x00007ff86b5c3794, EFLAGS=0x0000000000010206

Top of Stack: (sp=0x00000000200b5aa0)
0x00000000200b5aa0:   000000001e5337a0 000000001e5294e0
0x00000000200b5ab0:   000000001ef0c230 000000001e4f4080
0x00000000200b5ac0:   000000001e528a00 00007ff86b547c50
0x00000000200b5ad0:   0000000019231d80 000000001e4f4080
0x00000000200b5ae0:   0000000000000000 000000001e4f4080
0x00000000200b5af0:   0000000019220f00 0000000019223644
0x00000000200b5b00:   000000000012e000 0000000019222f60
0x00000000200b5b10:   0000000000000000 0000000000000000
0x00000000200b5b20:   0000000000000000 0000000000000000
0x00000000200b5b30:   0000000000000000 0000000000000000
0x00000000200b5b40:   0000000000000009 0000000000000000
0x00000000200b5b50:   0000000019224800 000000000000003f
0x00000000200b5b60:   0000000000000280 00000000000004bc
0x00000000200b5b70:   000000001b7b0000 0000b80200000000
0x00000000200b5b80:   0000000000000000 0000000000000008
0x00000000200b5b90:   000000001ef0b6c0 000000001b7b0494 

Instructions: (pc=0x00007ff86b5c3794)
0x00007ff86b5c3774:   04 da e9 70 dd 87 00 cc cc cc cc cc cc cc cc cc
0x00007ff86b5c3784:   cc cc cc cc cc cc cc cc cc cc cc cc 48 83 ec 28
0x00007ff86b5c3794:   48 8b 82 98 00 00 00 4c 8b d9 48 85 c0 74 06 48
0x00007ff86b5c37a4:   8b 48 20 eb 10 48 8b 8a a0 00 00 00 48 85 c9 74 


Register to memory mapping:

RAX=0x00000000192200d0 is an unknown value
RBX=0x000000001e528c50 is an unknown value
RCX=0x000000001e5348a0 is an unknown value
RDX=0x0000000000000000 is an unknown value
RSP=0x00000000200b5aa0 is pointing into the stack for thread: 0x00000000172b3000
RBP=0x00000000200b5bd0 is pointing into the stack for thread: 0x00000000172b3000
RSI=0x000000001e4f4080 is an unknown value
RDI=0x000000000000050c is an unknown value
R8 =0x000000001e5289b0 is an unknown value
R9 =0x000000001e52a470 is an unknown value
R10=0x000000001b7b050c is an unknown value
R11=0x0000000000000000 is an unknown value
R12=0x000000001e5294e0 is an unknown value
R13=0x000000001e5337a0 is an unknown value
R14=0x000000001e5294f0 is an unknown value
R15=0x00000000192200d0 is an unknown value


Stack: [0x0000000020000000,0x0000000020100000],  sp=0x00000000200b5aa0,  free space=726k
Native frames: (J=compiled Java code, j=interpreted, Vv=VM code, C=native code)
C  [igxelpicd64.dll+0xf3794]
C  [igxelpicd64.dll+0x77c50]
C  [igxelpicd64.dll+0x19478]
C  [igxelpicd64.dll+0x1ef442]
C  [igxelpicd64.dll+0x277bf3]
C  [igxelpicd64.dll+0x278f42]
C  [igxelpicd64.dll+0x29f811]
C  [igxelpicd64.dll+0x84cc9b]
C  [jogl_desktop.dll+0x13907]
C  0x0000000002d95fa8

Java frames: (J=compiled Java code, j=interpreted, Vv=VM code)
J 1023  jogamp.opengl.gl4.GL4bcImpl.dispatch_glMaterialfv1(IILjava/lang/Object;IZJ)V (0 bytes) @ 0x0000000002d95f2a [0x0000000002d95ec0+0x6a]
J 1092 C2 edu.itver.graf.objLoader.Object3d.draw(Lcom/jogamp/opengl/GL2;)V (1134 bytes) @ 0x0000000002e0adbc [0x0000000002e0aae0+0x2dc]
j  edu.itver.graf.objLoader.test.MyCanvas.display(Lcom/jogamp/opengl/GLAutoDrawable;)V+107
j  jogamp.opengl.GLDrawableHelper.displayImpl(Lcom/jogamp/opengl/GLAutoDrawable;)V+62
j  jogamp.opengl.GLDrawableHelper.display(Lcom/jogamp/opengl/GLAutoDrawable;)V+2
j  com.jogamp.opengl.awt.GLCanvas$11.run()V+118
j  jogamp.opengl.GLDrawableHelper.invokeGLImpl(Lcom/jogamp/opengl/GLDrawable;Lcom/jogamp/opengl/GLContext;Ljava/lang/Runnable;Ljava/lang/Runnable;)V+203
j  jogamp.opengl.GLDrawableHelper.invokeGL(Lcom/jogamp/opengl/GLDrawable;Lcom/jogamp/opengl/GLContext;Ljava/lang/Runnable;Ljava/lang/Runnable;)V+72
j  com.jogamp.opengl.awt.GLCanvas$12.run()V+104
j  java.awt.event.InvocationEvent.dispatch()V+11
j  java.awt.EventQueue.dispatchEventImpl(Ljava/awt/AWTEvent;Ljava/lang/Object;)V+21
j  java.awt.EventQueue.access$500(Ljava/awt/EventQueue;Ljava/awt/AWTEvent;Ljava/lang/Object;)V+3
j  java.awt.EventQueue$3.run()Ljava/lang/Void;+32
j  java.awt.EventQueue$3.run()Ljava/lang/Object;+1
v  ~StubRoutines::call_stub
j  java.security.AccessController.doPrivileged(Ljava/security/PrivilegedAction;Ljava/security/AccessControlContext;)Ljava/lang/Object;+0
j  java.security.ProtectionDomain$JavaSecurityAccessImpl.doIntersectionPrivilege(Ljava/security/PrivilegedAction;Ljava/security/AccessControlContext;Ljava/security/AccessControlContext;)Ljava/lang/Object;+18
j  java.awt.EventQueue.dispatchEvent(Ljava/awt/AWTEvent;)V+46
j  java.awt.EventDispatchThread.pumpOneEventForFilters(I)V+245
j  java.awt.EventDispatchThread.pumpEventsForFilter(ILjava/awt/Conditional;Ljava/awt/EventFilter;)V+35
j  java.awt.EventDispatchThread.pumpEventsForHierarchy(ILjava/awt/Conditional;Ljava/awt/Component;)V+11
j  java.awt.EventDispatchThread.pumpEvents(ILjava/awt/Conditional;)V+4
j  java.awt.EventDispatchThread.pumpEvents(Ljava/awt/Conditional;)V+3
j  java.awt.EventDispatchThread.run()V+9
v  ~StubRoutines::call_stub

---------------  P R O C E S S  ---------------

Java Threads: ( => current thread )
  0x000000002210d000 JavaThread "Thread-6" [_thread_blocked, id=16360, stack(0x0000000027b30000,0x0000000027c30000)]
  0x0000000002861000 JavaThread "DestroyJavaVM" [_thread_blocked, id=10292, stack(0x0000000002750000,0x0000000002850000)]
  0x00000000174f9000 JavaThread "main-FPSAWTAnimator#00-Timer0" [_thread_blocked, id=17800, stack(0x0000000020300000,0x0000000020400000)]
=>0x00000000172b3000 JavaThread "AWT-EventQueue-0" [_thread_in_native, id=18164, stack(0x0000000020000000,0x0000000020100000)]
  0x0000000017021800 JavaThread "AWT-Shutdown" [_thread_blocked, id=10140, stack(0x0000000018850000,0x0000000018950000)]
  0x0000000016ee3800 JavaThread "Java2D Disposer" daemon [_thread_blocked, id=17996, stack(0x0000000017720000,0x0000000017820000)]
  0x0000000016763000 JavaThread "Service Thread" daemon [_thread_blocked, id=9224, stack(0x0000000016b30000,0x0000000016c30000)]
  0x0000000014daa000 JavaThread "C1 CompilerThread2" daemon [_thread_blocked, id=6472, stack(0x0000000016630000,0x0000000016730000)]
  0x0000000014da3800 JavaThread "C2 CompilerThread1" daemon [_thread_blocked, id=2872, stack(0x0000000016530000,0x0000000016630000)]
  0x0000000014da0000 JavaThread "C2 CompilerThread0" daemon [_thread_blocked, id=11000, stack(0x0000000016430000,0x0000000016530000)]
  0x0000000014d9c800 JavaThread "Attach Listener" daemon [_thread_blocked, id=12616, stack(0x0000000016330000,0x0000000016430000)]
  0x0000000014d9b800 JavaThread "Signal Dispatcher" daemon [_thread_blocked, id=18308, stack(0x0000000016230000,0x0000000016330000)]
  0x0000000014d8a800 JavaThread "Finalizer" daemon [_thread_blocked, id=17736, stack(0x0000000016000000,0x0000000016100000)]
  0x0000000002951000 JavaThread "Reference Handler" daemon [_thread_blocked, id=15196, stack(0x0000000015f00000,0x0000000016000000)]

Other Threads:
  0x0000000014d66800 VMThread [stack: 0x0000000015e00000,0x0000000015f00000] [id=12900]
  0x0000000016776000 WatcherThread [stack: 0x0000000016c30000,0x0000000016d30000] [id=4628]

VM state:not at safepoint (normal execution)

VM Mutex/Monitor currently owned by a thread: None

Heap:
 PSYoungGen      total 198656K, used 73352K [0x00000000ec400000, 0x0000000100000000, 0x0000000100000000)
  eden space 136192K, 8% used [0x00000000ec400000,0x00000000ecea7670,0x00000000f4900000)
  from space 62464K, 99% used [0x00000000fc300000,0x00000000ffffab00,0x0000000100000000)
  to   space 93696K, 0% used [0x00000000f4900000,0x00000000f4900000,0x00000000fa480000)
 ParOldGen       total 317440K, used 250618K [0x00000000c4c00000, 0x00000000d8200000, 0x00000000ec400000)
  object space 317440K, 78% used [0x00000000c4c00000,0x00000000d40be838,0x00000000d8200000)
 Metaspace       used 15897K, capacity 16146K, committed 16384K, reserved 1064960K
  class space    used 1628K, capacity 1708K, committed 1792K, reserved 1048576K

Card table byte_map: [0x0000000011d40000,0x0000000011f20000] byte_map_base: 0x000000001171a000

Marking Bits: (ParMarkBitMap*) 0x0000000067eca6c0
 Begin Bits: [0x0000000012460000, 0x0000000013330000)
 End Bits:   [0x0000000013330000, 0x0000000014200000)

Polling page: 0x0000000000f80000

CodeCache: size=245760Kb used=4712Kb max_used=4712Kb free=241047Kb
 bounds [0x0000000002980000, 0x0000000002e20000, 0x0000000011980000]
 total_blobs=1997 nmethods=1142 adapters=768
 compilation: enabled

Compilation events (10 events):
Event: 17.465 Thread 0x0000000014daa000 1142       1       com.jogamp.opengl.awt.GLCanvas::access$300 (5 bytes)
Event: 17.465 Thread 0x0000000014daa000 nmethod 1142 0x0000000002e1c210 code [0x0000000002e1c360, 0x0000000002e1c450]
Event: 17.821 Thread 0x0000000014daa000 1143       3       jogamp.opengl.GLDrawableImpl::getHandle (10 bytes)
Event: 17.821 Thread 0x0000000014daa000 nmethod 1143 0x0000000002e1c4d0 code [0x0000000002e1c640, 0x0000000002e1c868]
Event: 17.829 Thread 0x0000000014daa000 1144       1       java.util.LinkedList::size (5 bytes)
Event: 17.829 Thread 0x0000000014daa000 nmethod 1144 0x0000000002e1c910 code [0x0000000002e1ca60, 0x0000000002e1cb70]
Event: 18.076 Thread 0x0000000014daa000 1145   !   3       jogamp.common.util.locks.RecursiveLockImpl01Unfairish::getHoldCount (24 bytes)
Event: 18.077 Thread 0x0000000014daa000 nmethod 1145 0x0000000002e1cbd0 code [0x0000000002e1cd40, 0x0000000002e1d0f0]
Event: 18.077 Thread 0x0000000014daa000 1146  s    1       java.awt.EventDispatchThread::getEventQueue (5 bytes)
Event: 18.077 Thread 0x0000000014daa000 nmethod 1146 0x0000000002e1d250 code [0x0000000002e1d3a0, 0x0000000002e1d610]

GC Heap History (10 events):
Event: 6.301 GC heap before
{Heap before GC invocations=16 (full 3):
 PSYoungGen      total 242688K, used 222939K [0x00000000ec400000, 0x00000000ffa00000, 0x0000000100000000)
  eden space 205312K, 100% used [0x00000000ec400000,0x00000000f8c80000,0x00000000f8c80000)
  from space 37376K, 47% used [0x00000000fd580000,0x00000000fe6b6f40,0x00000000ffa00000)
  to   space 48640K, 0% used [0x00000000f9b00000,0x00000000f9b00000,0x00000000fca80000)
 ParOldGen       total 214016K, used 137484K [0x00000000c4c00000, 0x00000000d1d00000, 0x00000000ec400000)
  object space 214016K, 64% used [0x00000000c4c00000,0x00000000cd243270,0x00000000d1d00000)
 Metaspace       used 15791K, capacity 16076K, committed 16384K, reserved 1064960K
  class space    used 1611K, capacity 1707K, committed 1792K, reserved 1048576K
Event: 6.420 GC heap after
Heap after GC invocations=16 (full 3):
 PSYoungGen      total 268800K, used 48625K [0x00000000ec400000, 0x0000000100000000, 0x0000000100000000)
  eden space 220160K, 0% used [0x00000000ec400000,0x00000000ec400000,0x00000000f9b00000)
  from space 48640K, 99% used [0x00000000f9b00000,0x00000000fca7c518,0x00000000fca80000)
  to   space 54784K, 0% used [0x00000000fca80000,0x00000000fca80000,0x0000000100000000)
 ParOldGen       total 214016K, used 141647K [0x00000000c4c00000, 0x00000000d1d00000, 0x00000000ec400000)
  object space 214016K, 66% used [0x00000000c4c00000,0x00000000cd653c38,0x00000000d1d00000)
 Metaspace       used 15791K, capacity 16076K, committed 16384K, reserved 1064960K
  class space    used 1611K, capacity 1707K, committed 1792K, reserved 1048576K
}
Event: 6.691 GC heap before
{Heap before GC invocations=17 (full 3):
 PSYoungGen      total 268800K, used 268785K [0x00000000ec400000, 0x0000000100000000, 0x0000000100000000)
  eden space 220160K, 100% used [0x00000000ec400000,0x00000000f9b00000,0x00000000f9b00000)
  from space 48640K, 99% used [0x00000000f9b00000,0x00000000fca7c518,0x00000000fca80000)
  to   space 54784K, 0% used [0x00000000fca80000,0x00000000fca80000,0x0000000100000000)
 ParOldGen       total 214016K, used 141647K [0x00000000c4c00000, 0x00000000d1d00000, 0x00000000ec400000)
  object space 214016K, 66% used [0x00000000c4c00000,0x00000000cd653c38,0x00000000d1d00000)
 Metaspace       used 15792K, capacity 16076K, committed 16384K, reserved 1064960K
  class space    used 1611K, capacity 1707K, committed 1792K, reserved 1048576K
Event: 7.303 GC heap after
Heap after GC invocations=17 (full 3):
 PSYoungGen      total 255488K, used 41354K [0x00000000ec400000, 0x0000000100000000, 0x0000000100000000)
  eden space 200704K, 0% used [0x00000000ec400000,0x00000000ec400000,0x00000000f8800000)
  from space 54784K, 75% used [0x00000000fca80000,0x00000000ff2e2b00,0x0000000100000000)
  to   space 61440K, 0% used [0x00000000f8800000,0x00000000f8800000,0x00000000fc400000)
 ParOldGen       total 214016K, used 189791K [0x00000000c4c00000, 0x00000000d1d00000, 0x00000000ec400000)
  object space 214016K, 88% used [0x00000000c4c00000,0x00000000d0557c58,0x00000000d1d00000)
 Metaspace       used 15792K, capacity 16076K, committed 16384K, reserved 1064960K
  class space    used 1611K, capacity 1707K, committed 1792K, reserved 1048576K
}
Event: 7.304 GC heap before
{Heap before GC invocations=18 (full 4):
 PSYoungGen      total 255488K, used 41354K [0x00000000ec400000, 0x0000000100000000, 0x0000000100000000)
  eden space 200704K, 0% used [0x00000000ec400000,0x00000000ec400000,0x00000000f8800000)
  from space 54784K, 75% used [0x00000000fca80000,0x00000000ff2e2b00,0x0000000100000000)
  to   space 61440K, 0% used [0x00000000f8800000,0x00000000f8800000,0x00000000fc400000)
 ParOldGen       total 214016K, used 189791K [0x00000000c4c00000, 0x00000000d1d00000, 0x00000000ec400000)
  object space 214016K, 88% used [0x00000000c4c00000,0x00000000d0557c58,0x00000000d1d00000)
 Metaspace       used 15792K, capacity 16076K, committed 16384K, reserved 1064960K
  class space    used 1611K, capacity 1707K, committed 1792K, reserved 1048576K
Event: 8.569 GC heap after
Heap after GC invocations=18 (full 4):
 PSYoungGen      total 255488K, used 17208K [0x00000000ec400000, 0x0000000100000000, 0x0000000100000000)
  eden space 200704K, 0% used [0x00000000ec400000,0x00000000ec400000,0x00000000f8800000)
  from space 54784K, 31% used [0x00000000fca80000,0x00000000fdb4e3f0,0x0000000100000000)
  to   space 61440K, 0% used [0x00000000f8800000,0x00000000f8800000,0x00000000fc400000)
 ParOldGen       total 317440K, used 213522K [0x00000000c4c00000, 0x00000000d8200000, 0x00000000ec400000)
  object space 317440K, 67% used [0x00000000c4c00000,0x00000000d1c84838,0x00000000d8200000)
 Metaspace       used 15792K, capacity 16076K, committed 16384K, reserved 1064960K
  class space    used 1611K, capacity 1707K, committed 1792K, reserved 1048576K
}
Event: 8.971 GC heap before
{Heap before GC invocations=19 (full 4):
 PSYoungGen      total 255488K, used 217912K [0x00000000ec400000, 0x0000000100000000, 0x0000000100000000)
  eden space 200704K, 100% used [0x00000000ec400000,0x00000000f8800000,0x00000000f8800000)
  from space 54784K, 31% used [0x00000000fca80000,0x00000000fdb4e3f0,0x0000000100000000)
  to   space 61440K, 0% used [0x00000000f8800000,0x00000000f8800000,0x00000000fc400000)
 ParOldGen       total 317440K, used 213522K [0x00000000c4c00000, 0x00000000d8200000, 0x00000000ec400000)
  object space 317440K, 67% used [0x00000000c4c00000,0x00000000d1c84838,0x00000000d8200000)
 Metaspace       used 15792K, capacity 16076K, committed 16384K, reserved 1064960K
  class space    used 1611K, capacity 1707K, committed 1792K, reserved 1048576K
Event: 9.350 GC heap after
Heap after GC invocations=19 (full 4):
 PSYoungGen      total 261120K, used 60103K [0x00000000ec400000, 0x0000000100000000, 0x0000000100000000)
  eden space 200704K, 0% used [0x00000000ec400000,0x00000000ec400000,0x00000000f8800000)
  from space 60416K, 99% used [0x00000000f8800000,0x00000000fc2b1cb8,0x00000000fc300000)
  to   space 62464K, 0% used [0x00000000fc300000,0x00000000fc300000,0x0000000100000000)
 ParOldGen       total 317440K, used 213522K [0x00000000c4c00000, 0x00000000d8200000, 0x00000000ec400000)
  object space 317440K, 67% used [0x00000000c4c00000,0x00000000d1c84838,0x00000000d8200000)
 Metaspace       used 15792K, capacity 16076K, committed 16384K, reserved 1064960K
  class space    used 1611K, capacity 1707K, committed 1792K, reserved 1048576K
}
Event: 10.998 GC heap before
{Heap before GC invocations=20 (full 4):
 PSYoungGen      total 261120K, used 260807K [0x00000000ec400000, 0x0000000100000000, 0x0000000100000000)
  eden space 200704K, 100% used [0x00000000ec400000,0x00000000f8800000,0x00000000f8800000)
  from space 60416K, 99% used [0x00000000f8800000,0x00000000fc2b1cb8,0x00000000fc300000)
  to   space 62464K, 0% used [0x00000000fc300000,0x00000000fc300000,0x0000000100000000)
 ParOldGen       total 317440K, used 213522K [0x00000000c4c00000, 0x00000000d8200000, 0x00000000ec400000)
  object space 317440K, 67% used [0x00000000c4c00000,0x00000000d1c84838,0x00000000d8200000)
 Metaspace       used 15795K, capacity 16076K, committed 16384K, reserved 1064960K
  class space    used 1611K, capacity 1707K, committed 1792K, reserved 1048576K
Event: 11.165 GC heap after
Heap after GC invocations=20 (full 4):
 PSYoungGen      total 198656K, used 62442K [0x00000000ec400000, 0x0000000100000000, 0x0000000100000000)
  eden space 136192K, 0% used [0x00000000ec400000,0x00000000ec400000,0x00000000f4900000)
  from space 62464K, 99% used [0x00000000fc300000,0x00000000ffffab00,0x0000000100000000)
  to   space 93696K, 0% used [0x00000000f4900000,0x00000000f4900000,0x00000000fa480000)
 ParOldGen       total 317440K, used 250618K [0x00000000c4c00000, 0x00000000d8200000, 0x00000000ec400000)
  object space 317440K, 78% used [0x00000000c4c00000,0x00000000d40be838,0x00000000d8200000)
 Metaspace       used 15795K, capacity 16076K, committed 16384K, reserved 1064960K
  class space    used 1611K, capacity 1707K, committed 1792K, reserved 1048576K
}

Deoptimization events (10 events):
Event: 6.044 Thread 0x00000000172b3000 Uncommon trap: reason=unstable_if action=reinterpret pc=0x0000000002dcbadc method=edu.itver.graf.objLoader.Object3d.draw(Lcom/jogamp/opengl/GL2;)V @ 14
Event: 6.049 Thread 0x00000000172b3000 Uncommon trap: reason=class_check action=maybe_recompile pc=0x0000000002da60f8 method=com.jogamp.common.nio.Buffers.isDirect(Ljava/lang/Object;)Z @ 7
Event: 6.049 Thread 0x00000000172b3000 Uncommon trap: reason=class_check action=maybe_recompile pc=0x0000000002da637c method=com.jogamp.common.nio.Buffers.getDirectBufferByteOffset(Ljava/lang/Object;)I @ 7
Event: 6.088 Thread 0x00000000172b3000 Uncommon trap: reason=unstable_if action=reinterpret pc=0x0000000002cc46b4 method=java.lang.String.trim()Ljava/lang/String; @ 23
Event: 6.089 Thread 0x00000000172b3000 Uncommon trap: reason=unstable_if action=reinterpret pc=0x0000000002d77390 method=java.lang.Integer.parseInt(Ljava/lang/String;I)I @ 1
Event: 6.091 Thread 0x00000000172b3000 Uncommon trap: reason=unstable_if action=reinterpret pc=0x0000000002d15854 method=java.lang.String.isEmpty()Z @ 5
Event: 6.091 Thread 0x00000000172b3000 Uncommon trap: reason=unstable_if action=reinterpret pc=0x0000000002d00b2c method=sun.misc.FloatingDecimal$ASCIIToBinaryBuffer.floatValue()F @ 70
Event: 9.599 Thread 0x00000000172b3000 Uncommon trap: reason=unstable_if action=reinterpret pc=0x0000000002ddfe44 method=sun.misc.FloatingDecimal$ASCIIToBinaryBuffer.floatValue()F @ 1001
Event: 9.695 Thread 0x00000000172b3000 Uncommon trap: reason=class_check action=maybe_recompile pc=0x0000000002d5baec method=sun.misc.FloatingDecimal.parseFloat(Ljava/lang/String;)F @ 4
Event: 11.991 Thread 0x00000000172b3000 Uncommon trap: reason=unstable_if action=reinterpret pc=0x0000000002d2541c method=java.lang.Math.min(FF)F @ 37

Internal exceptions (10 events):
Event: 0.168 Thread 0x0000000002861000 Exception <a 'java/security/PrivilegedActionException'> (0x00000000ec531080) thrown at [C:\re\workspace\8-2-build-windows-amd64-cygwin\jdk8u111\7883\hotspot\src\share\vm\prims\jvm.cpp, line 1386]
Event: 0.176 Thread 0x0000000002861000 Exception <a 'java/io/FileNotFoundException'> (0x00000000ec537ff8) thrown at [C:\re\workspace\8-2-build-windows-amd64-cygwin\jdk8u111\7883\hotspot\src\share\vm\prims\jni.cpp, line 709]
Event: 0.208 Thread 0x0000000002861000 Exception <a 'java/lang/NoSuchFieldError': method resolution failed> (0x00000000ec605650) thrown at [C:\re\workspace\8-2-build-windows-amd64-cygwin\jdk8u111\7883\hotspot\src\share\vm\prims\methodHandles.cpp, line 1146]
Event: 0.209 Thread 0x0000000002861000 Exception <a 'java/lang/NoSuchFieldError': method resolution failed> (0x00000000ec612a20) thrown at [C:\re\workspace\8-2-build-windows-amd64-cygwin\jdk8u111\7883\hotspot\src\share\vm\prims\methodHandles.cpp, line 1146]
Event: 0.240 Thread 0x0000000002861000 Exception <a 'java/io/FileNotFoundException'> (0x00000000ec6a7190) thrown at [C:\re\workspace\8-2-build-windows-amd64-cygwin\jdk8u111\7883\hotspot\src\share\vm\prims\jni.cpp, line 709]
Event: 0.262 Thread 0x0000000002861000 Implicit null exception at 0x0000000002af70e2 to 0x0000000002af72a9
Event: 2.217 Thread 0x0000000002861000 Exception <a 'java/lang/reflect/InvocationTargetException'> (0x00000000ec707688) thrown at [C:\re\workspace\8-2-build-windows-amd64-cygwin\jdk8u111\7883\hotspot\src\share\vm\runtime\reflection.cpp, line 1092]
Event: 2.315 Thread 0x0000000002861000 Exception <a 'java/lang/reflect/InvocationTargetException'> (0x00000000ec7a42d8) thrown at [C:\re\workspace\8-2-build-windows-amd64-cygwin\jdk8u111\7883\hotspot\src\share\vm\runtime\reflection.cpp, line 1092]
Event: 5.372 Thread 0x00000000172b3000 Implicit null exception at 0x0000000002d539c3 to 0x0000000002d551b5
Event: 6.089 Thread 0x00000000172b3000 Implicit null exception at 0x0000000002d76eaf to 0x0000000002d77381

Events (10 events):
Event: 18.121 Executing VM operation: RevokeBias
Event: 18.121 Executing VM operation: RevokeBias done
Event: 18.122 loading class jogamp/opengl/egl/EGLDisplayUtil
Event: 18.122 loading class jogamp/opengl/egl/EGLDisplayUtil done
Event: 18.124 loading class com/jogamp/nativewindow/egl/EGLGraphicsDevice$EGLDisplayLifecycleCallback
Event: 18.124 loading class com/jogamp/nativewindow/egl/EGLGraphicsDevice$EGLDisplayLifecycleCallback done
Event: 18.126 loading class jogamp/opengl/egl/EGLDisplayUtil$1
Event: 18.126 loading class jogamp/opengl/egl/EGLDisplayUtil$1 done
Event: 18.127 Thread 0x0000000022051000 Thread exited: 0x0000000022051000
Event: 18.146 Thread 0x0000000016b06800 Thread exited: 0x0000000016b06800


Dynamic libraries:
0x00007ff6b5c00000 - 0x00007ff6b5c37000 	C:\Program Files\Java\jdk1.8.0_111\bin\java.exe
0x00007ff8db710000 - 0x00007ff8db908000 	C:\Windows\SYSTEM32\ntdll.dll
0x00007ff8daca0000 - 0x00007ff8dad5f000 	C:\Windows\System32\KERNEL32.DLL
0x00007ff8d8e40000 - 0x00007ff8d9112000 	C:\Windows\System32\KERNELBASE.dll
0x00007ff8da900000 - 0x00007ff8da9ae000 	C:\Windows\System32\ADVAPI32.dll
0x00007ff8da180000 - 0x00007ff8da21e000 	C:\Windows\System32\msvcrt.dll
0x00007ff8da3c0000 - 0x00007ff8da45c000 	C:\Windows\System32\sechost.dll
0x00007ff8d9b80000 - 0x00007ff8d9ca5000 	C:\Windows\System32\RPCRT4.dll
0x00007ff8dad70000 - 0x00007ff8daf0d000 	C:\Windows\System32\USER32.dll
0x00007ff8d9730000 - 0x00007ff8d9752000 	C:\Windows\System32\win32u.dll
0x00007ff8d9b50000 - 0x00007ff8d9b7b000 	C:\Windows\System32\GDI32.dll
0x00007ff8d9590000 - 0x00007ff8d969f000 	C:\Windows\System32\gdi32full.dll
0x00007ff8d91d0000 - 0x00007ff8d926d000 	C:\Windows\System32\msvcp_win.dll
0x00007ff8d92e0000 - 0x00007ff8d93e0000 	C:\Windows\System32\ucrtbase.dll
0x00007ff8c7620000 - 0x00007ff8c78ba000 	C:\Windows\WinSxS\amd64_microsoft.windows.common-controls_6595b64144ccf1df_6.0.19041.1110_none_60b5254171f9507e\COMCTL32.dll
0x00007ff8dac60000 - 0x00007ff8dac92000 	C:\Windows\System32\IMM32.DLL
0x0000000068560000 - 0x0000000068632000 	C:\Program Files\Java\jdk1.8.0_111\jre\bin\msvcr100.dll
0x00000000676b0000 - 0x0000000067f4a000 	C:\Program Files\Java\jdk1.8.0_111\jre\bin\server\jvm.dll
0x00007ff8dad60000 - 0x00007ff8dad68000 	C:\Windows\System32\PSAPI.DLL
0x00007ff8d3f40000 - 0x00007ff8d3f49000 	C:\Windows\SYSTEM32\WSOCK32.dll
0x00007ff8c8310000 - 0x00007ff8c8337000 	C:\Windows\SYSTEM32\WINMM.dll
0x00007ff8cb470000 - 0x00007ff8cb47a000 	C:\Windows\SYSTEM32\VERSION.dll
0x00007ff8da350000 - 0x00007ff8da3bb000 	C:\Windows\System32\WS2_32.dll
0x00000000676a0000 - 0x00000000676af000 	C:\Program Files\Java\jdk1.8.0_111\jre\bin\verify.dll
0x0000000067670000 - 0x0000000067699000 	C:\Program Files\Java\jdk1.8.0_111\jre\bin\java.dll
0x0000000067650000 - 0x0000000067666000 	C:\Program Files\Java\jdk1.8.0_111\jre\bin\zip.dll
0x00007ff8daf70000 - 0x00007ff8db6b3000 	C:\Windows\System32\SHELL32.dll
0x00007ff8d6eb0000 - 0x00007ff8d7642000 	C:\Windows\SYSTEM32\windows.storage.dll
0x00007ff8da590000 - 0x00007ff8da8e4000 	C:\Windows\System32\combase.dll
0x00007ff8d8870000 - 0x00007ff8d88a0000 	C:\Windows\SYSTEM32\Wldp.dll
0x00007ff8da4c0000 - 0x00007ff8da56d000 	C:\Windows\System32\SHCORE.dll
0x00007ff8daf10000 - 0x00007ff8daf65000 	C:\Windows\System32\shlwapi.dll
0x00007ff8d8d50000 - 0x00007ff8d8d6f000 	C:\Windows\SYSTEM32\profapi.dll
0x0000000067470000 - 0x0000000067608000 	C:\Program Files\Java\jdk1.8.0_111\jre\bin\awt.dll
0x00007ff8d9760000 - 0x00007ff8d982d000 	C:\Windows\System32\OLEAUT32.dll
0x00007ff8d6240000 - 0x00007ff8d62d1000 	C:\Windows\SYSTEM32\apphelp.dll
0x00007ff8d6510000 - 0x00007ff8d653f000 	C:\Windows\system32\DWMAPI.DLL
0x00007ff8d63e0000 - 0x00007ff8d647e000 	C:\Windows\system32\uxtheme.dll
0x00007ff8daa90000 - 0x00007ff8daba5000 	C:\Windows\System32\MSCTF.dll
0x00007ff8da220000 - 0x00007ff8da34a000 	C:\Windows\System32\ole32.dll
0x00007ff8d7660000 - 0x00007ff8d7672000 	C:\Windows\SYSTEM32\kernel.appcore.dll
0x00007ff8d96a0000 - 0x00007ff8d9722000 	C:\Windows\System32\bcryptPrimitives.dll
0x00007ff8d87c0000 - 0x00007ff8d87d8000 	C:\Windows\SYSTEM32\CRYPTSP.dll
0x00007ff8d7e80000 - 0x00007ff8d7eb4000 	C:\Windows\system32\rsaenh.dll
0x00007ff8d8e10000 - 0x00007ff8d8e37000 	C:\Windows\System32\bcrypt.dll
0x00007ff8d8cd0000 - 0x00007ff8d8cfe000 	C:\Windows\SYSTEM32\USERENV.dll
0x00007ff8d87e0000 - 0x00007ff8d87ec000 	C:\Windows\SYSTEM32\CRYPTBASE.dll
0x0000000067630000 - 0x000000006764a000 	C:\Program Files\Java\jdk1.8.0_111\jre\bin\net.dll
0x00007ff8d85d0000 - 0x00007ff8d863a000 	C:\Windows\system32\mswsock.dll
0x00007ff8d8270000 - 0x00007ff8d82ab000 	C:\Windows\SYSTEM32\IPHLPAPI.DLL
0x00007ff8db6c0000 - 0x00007ff8db6c8000 	C:\Windows\System32\NSI.dll
0x00007ff8cb540000 - 0x00007ff8cb557000 	C:\Windows\SYSTEM32\dhcpcsvc6.DLL
0x00007ff8cb520000 - 0x00007ff8cb53d000 	C:\Windows\SYSTEM32\dhcpcsvc.DLL
0x00007ff8d82b0000 - 0x00007ff8d837a000 	C:\Windows\SYSTEM32\DNSAPI.dll
0x0000000067610000 - 0x0000000067621000 	C:\Program Files\Java\jdk1.8.0_111\jre\bin\nio.dll
0x00000000637c0000 - 0x00000000637cd000 	C:\Users\fatim\AppData\Local\Temp\jogamp_0000\file_cache\jln6364554822494161189\jln6147678885026041946\natives\windows-amd64\gluegen-rt.dll
0x0000000067300000 - 0x0000000067307000 	C:\Program Files\Java\jdk1.8.0_111\jre\bin\jawt.dll
0x000000006a440000 - 0x000000006a44d000 	C:\Users\fatim\AppData\Local\Temp\jogamp_0000\file_cache\jln6364554822494161189\jln6147678885026041946\natives\windows-amd64\nativewindow_awt.dll
0x000000006c100000 - 0x000000006c10f000 	C:\Users\fatim\AppData\Local\Temp\jogamp_0000\file_cache\jln6364554822494161189\jln6147678885026041946\natives\windows-amd64\nativewindow_win32.dll
0x00007ff8b3340000 - 0x00007ff8b3465000 	C:\Windows\SYSTEM32\OpenGL32.dll
0x00007ff8c3320000 - 0x00007ff8c334c000 	C:\Windows\SYSTEM32\GLU32.dll
0x0000000064500000 - 0x00000000645b1000 	C:\Users\fatim\AppData\Local\Temp\jogamp_0000\file_cache\jln6364554822494161189\jln6147678885026041946\natives\windows-amd64\jogl_desktop.dll
0x0000000064340000 - 0x00000000643a2000 	C:\Users\fatim\AppData\Local\Temp\jogamp_0000\file_cache\jln6364554822494161189\jln6147678885026041946\natives\windows-amd64\jogl_mobile.dll
0x00007ff8dabb0000 - 0x00007ff8dac5f000 	C:\Windows\System32\clbcatq.dll
0x00007ff86b4d0000 - 0x00007ff86c45d000 	C:\Windows\System32\DriverStore\FileRepository\iigd_dch.inf_amd64_33577e92f63c0c5b\igxelpicd64.dll
0x00007ff8d76d0000 - 0x00007ff8d77c3000 	C:\Windows\system32\dxgi.dll
0x00007ff86ac70000 - 0x00007ff86b0ac000 	C:\Windows\System32\DriverStore\FileRepository\iigd_dch.inf_amd64_33577e92f63c0c5b\igdml64.dll
0x00007ff8cf290000 - 0x00007ff8cf5c6000 	C:\Windows\System32\DriverStore\FileRepository\iigd_dch.inf_amd64_33577e92f63c0c5b\igdgmm64.dll
0x00007ff8cc4c0000 - 0x00007ff8cf24f000 	C:\Windows\System32\DriverStore\FileRepository\iigd_dch.inf_amd64_33577e92f63c0c5b\igc64.dll
0x00007ff8d83f0000 - 0x00007ff8d843b000 	C:\Windows\SYSTEM32\powrprof.dll
0x00007ff8d8250000 - 0x00007ff8d8262000 	C:\Windows\SYSTEM32\UMPDC.dll
0x0000000067420000 - 0x0000000067467000 	C:\Program Files\Java\jdk1.8.0_111\jre\bin\fontmanager.dll
0x00007ff8b1320000 - 0x00007ff8b1419000 	C:\Windows\SYSTEM32\textinputframework.dll
0x00007ff8d5f30000 - 0x00007ff8d6022000 	C:\Windows\System32\CoreMessaging.dll
0x00007ff8d5850000 - 0x00007ff8d5bae000 	C:\Windows\System32\CoreUIComponents.dll
0x00007ff8d7fc0000 - 0x00007ff8d7ff3000 	C:\Windows\SYSTEM32\ntmarta.dll
0x00007ff8d46d0000 - 0x00007ff8d4824000 	C:\Windows\SYSTEM32\wintypes.dll
0x00007ff8a1090000 - 0x00007ff8a10f6000 	C:\Windows\system32\Oleacc.dll
0x00007ff8d6a50000 - 0x00007ff8d6c34000 	C:\Windows\SYSTEM32\dbghelp.dll

VM Arguments:
jvm_args: -Dfile.encoding=UTF-8 
java_command: edu.itver.graf.objLoader.test.Jogl2ObjLoader
java_class_path (initial): C:\Java\jogamp-all-platforms\jar\gluegen-rt.jar;C:\Java\jogamp-all-platforms\jar\gluegen.jar;C:\Java\jogamp-all-platforms\jar\joal.jar;C:\Java\jogamp-all-platforms\jar\jocl.jar;C:\Java\jogamp-all-platforms\jar\jogl-all.jar;C:\Users\fatim\OneDrive\Documentos\NetBeansProjects\PracticasGraficacion\04jogl2-obj-loader\build\classes
Launcher Type: SUN_STANDARD

Environment Variables:
PATH=C:\ProgramData\Oracle\Java\javapath;C:\Windows\system32;C:\Windows;C:\Windows\System32\Wbem;C:\Windows\System32\WindowsPowerShell\v1.0\;C:\Windows\System32\OpenSSH\;C:\Program Files\Java\javacc-6.0.1\bin;C:\Program Files\Java\jdk-19;C:\Users\fatim\AppData\Local\Microsoft\WindowsApps;C:\Users\fatim\AppData\Local\GitHubDesktop\bin;C:\Program Files\JetBrains\IntelliJ IDEA Community Edition 2022.2.3\bin;;C:\Users\fatim\AppData\Local\Programs\Microsoft VS Code\bin
USERNAME=fatim
OS=Windows_NT
PROCESSOR_IDENTIFIER=Intel64 Family 6 Model 140 Stepping 1, GenuineIntel



---------------  S Y S T E M  ---------------

OS: Windows 10.0 , 64 bit Build 19041 (10.0.19041.2251)

CPU:total 4 (2 cores per cpu, 2 threads per core) family 6 model 140 stepping 1, cmov, cx8, fxsr, mmx, sse, sse2, sse3, ssse3, sse4.1, sse4.2, popcnt, avx, avx2, aes, clmul, erms, 3dnowpref, lzcnt, ht, tsc, tscinvbit, bmi1, bmi2, adx

Memory: 4k page, physical 3881260k(240744k free), swap 8428416k(1051588k free)

vm_info: Java HotSpot(TM) 64-Bit Server VM (25.111-b14) for windows-amd64 JRE (1.8.0_111-b14), built on Sep 22 2016 19:24:05 by "java_re" with MS VC++ 10.0 (VS2010)

time: Sat Nov 26 21:51:06 2022
elapsed time: 18 seconds (0d 0h 0m 18s)

