#
# A fatal error has been detected by the Java Runtime Environment:
#
#  EXCEPTION_ACCESS_VIOLATION (0xc0000005) at pc=0x00007ff882a93794, pid=18160, tid=0x00000000000029e8
#
# JRE version: Java(TM) SE Runtime Environment (8.0_111-b14) (build 1.8.0_111-b14)
# Java VM: Java HotSpot(TM) 64-Bit Server VM (25.111-b14 mixed mode windows-amd64 compressed oops)
# Problematic frame:
# C  [igxelpicd64.dll+0xf3794]
#
# Failed to write core dump. Minidumps are not enabled by default on client versions of Windows
#
# If you would like to submit a bug report, please visit:
#   http://bugreport.java.com/bugreport/crash.jsp
# The crash happened outside the Java Virtual Machine in native code.
# See problematic frame for where to report the bug.
#

---------------  T H R E A D  ---------------

Current thread (0x000000001783c000):  JavaThread "AWT-EventQueue-0" [_thread_in_native, id=10728, stack(0x0000000019060000,0x0000000019160000)]

siginfo: ExceptionCode=0xc0000005, reading address 0x0000000000000098

Registers:
RAX=0x000000001ed06480, RBX=0x000000001ecf9650, RCX=0x000000001ed052a0, RDX=0x0000000000000000
RSP=0x00000000191160a0, RBP=0x00000000191161d0, RSI=0x000000001ecc4a80, RDI=0x000000000000050c
R8 =0x000000001ecf93b0, R9 =0x000000001ecfae70, R10=0x000000001c2a050c, R11=0x0000000000000000
R12=0x000000001ecf9ee0, R13=0x000000001ed041a0, R14=0x000000001ecf9ef0, R15=0x000000001ed06480
RIP=0x00007ff882a93794, EFLAGS=0x0000000000010206

Top of Stack: (sp=0x00000000191160a0)
0x00000000191160a0:   000000001ed041a0 000000001ecf9ee0
0x00000000191160b0:   000000001f658a70 000000001ecc4a80
0x00000000191160c0:   000000001ecf9400 00007ff882a17c50
0x00000000191160d0:   000000001ed18130 000000001ecc4a80
0x00000000191160e0:   0000000000000000 000000001ecc4a80
0x00000000191160f0:   000000001ed07300 000000001ed099f4
0x0000000019116100:   000000000012e000 000000001ed09310
0x0000000019116110:   0000000000000000 0000000000000000
0x0000000019116120:   0000000000000000 0000000000000000
0x0000000019116130:   0000000000000000 0000000000000000
0x0000000019116140:   0000000000000009 0000000000000000
0x0000000019116150:   000000001ed04800 000000000000003f
0x0000000019116160:   0000000000000280 00000000000004bc
0x0000000019116170:   000000001c2a0000 0000b80200000000
0x0000000019116180:   0000000000000000 0000000000000008
0x0000000019116190:   0000000019a418e0 000000001c2a0494 

Instructions: (pc=0x00007ff882a93794)
0x00007ff882a93774:   04 da e9 70 dd 87 00 cc cc cc cc cc cc cc cc cc
0x00007ff882a93784:   cc cc cc cc cc cc cc cc cc cc cc cc 48 83 ec 28
0x00007ff882a93794:   48 8b 82 98 00 00 00 4c 8b d9 48 85 c0 74 06 48
0x00007ff882a937a4:   8b 48 20 eb 10 48 8b 8a a0 00 00 00 48 85 c9 74 


Register to memory mapping:

RAX=0x000000001ed06480 is an unknown value
RBX=0x000000001ecf9650 is an unknown value
RCX=0x000000001ed052a0 is an unknown value
RDX=0x0000000000000000 is an unknown value
RSP=0x00000000191160a0 is pointing into the stack for thread: 0x000000001783c000
RBP=0x00000000191161d0 is pointing into the stack for thread: 0x000000001783c000
RSI=0x000000001ecc4a80 is an unknown value
RDI=0x000000000000050c is an unknown value
R8 =0x000000001ecf93b0 is an unknown value
R9 =0x000000001ecfae70 is an unknown value
R10=0x000000001c2a050c is an unknown value
R11=0x0000000000000000 is an unknown value
R12=0x000000001ecf9ee0 is an unknown value
R13=0x000000001ed041a0 is an unknown value
R14=0x000000001ecf9ef0 is an unknown value
R15=0x000000001ed06480 is an unknown value


Stack: [0x0000000019060000,0x0000000019160000],  sp=0x00000000191160a0,  free space=728k
Native frames: (J=compiled Java code, j=interpreted, Vv=VM code, C=native code)
C  [igxelpicd64.dll+0xf3794]
C  [igxelpicd64.dll+0x77c50]
C  [igxelpicd64.dll+0x19478]
C  [igxelpicd64.dll+0x1ef442]
C  [igxelpicd64.dll+0x277bf3]
C  [igxelpicd64.dll+0x278f42]
C  [igxelpicd64.dll+0x29f811]
C  [igxelpicd64.dll+0x84cc9b]
C  [jogl_desktop.dll+0x13907]
C  0x00000000035cb428

Java frames: (J=compiled Java code, j=interpreted, Vv=VM code)
J 1038  jogamp.opengl.gl4.GL4bcImpl.dispatch_glMaterialfv1(IILjava/lang/Object;IZJ)V (0 bytes) @ 0x00000000035cb3aa [0x00000000035cb340+0x6a]
J 1101 C2 edu.itver.graf.objLoader.Object3d.draw(Lcom/jogamp/opengl/GL2;)V (1134 bytes) @ 0x00000000036468fc [0x0000000003646620+0x2dc]
j  edu.itver.graf.objLoader.test.MyCanvas.display(Lcom/jogamp/opengl/GLAutoDrawable;)V+107
j  jogamp.opengl.GLDrawableHelper.displayImpl(Lcom/jogamp/opengl/GLAutoDrawable;)V+62
j  jogamp.opengl.GLDrawableHelper.display(Lcom/jogamp/opengl/GLAutoDrawable;)V+2
j  com.jogamp.opengl.awt.GLCanvas$11.run()V+118
j  jogamp.opengl.GLDrawableHelper.invokeGLImpl(Lcom/jogamp/opengl/GLDrawable;Lcom/jogamp/opengl/GLContext;Ljava/lang/Runnable;Ljava/lang/Runnable;)V+203
j  jogamp.opengl.GLDrawableHelper.invokeGL(Lcom/jogamp/opengl/GLDrawable;Lcom/jogamp/opengl/GLContext;Ljava/lang/Runnable;Ljava/lang/Runnable;)V+72
j  com.jogamp.opengl.awt.GLCanvas$12.run()V+104
j  java.awt.event.InvocationEvent.dispatch()V+11
j  java.awt.EventQueue.dispatchEventImpl(Ljava/awt/AWTEvent;Ljava/lang/Object;)V+21
j  java.awt.EventQueue.access$500(Ljava/awt/EventQueue;Ljava/awt/AWTEvent;Ljava/lang/Object;)V+3
j  java.awt.EventQueue$3.run()Ljava/lang/Void;+32
j  java.awt.EventQueue$3.run()Ljava/lang/Object;+1
v  ~StubRoutines::call_stub
j  java.security.AccessController.doPrivileged(Ljava/security/PrivilegedAction;Ljava/security/AccessControlContext;)Ljava/lang/Object;+0
j  java.security.ProtectionDomain$JavaSecurityAccessImpl.doIntersectionPrivilege(Ljava/security/PrivilegedAction;Ljava/security/AccessControlContext;Ljava/security/AccessControlContext;)Ljava/lang/Object;+18
j  java.awt.EventQueue.dispatchEvent(Ljava/awt/AWTEvent;)V+46
j  java.awt.EventDispatchThread.pumpOneEventForFilters(I)V+245
j  java.awt.EventDispatchThread.pumpEventsForFilter(ILjava/awt/Conditional;Ljava/awt/EventFilter;)V+35
j  java.awt.EventDispatchThread.pumpEventsForHierarchy(ILjava/awt/Conditional;Ljava/awt/Component;)V+11
j  java.awt.EventDispatchThread.pumpEvents(ILjava/awt/Conditional;)V+4
j  java.awt.EventDispatchThread.pumpEvents(Ljava/awt/Conditional;)V+3
j  java.awt.EventDispatchThread.run()V+9
v  ~StubRoutines::call_stub

---------------  P R O C E S S  ---------------

Java Threads: ( => current thread )
  0x0000000017a4d800 JavaThread "Thread-6" [_thread_blocked, id=9612, stack(0x0000000028300000,0x0000000028400000)]
  0x00000000030b1000 JavaThread "DestroyJavaVM" [_thread_blocked, id=13284, stack(0x0000000002fb0000,0x00000000030b0000)]
  0x0000000017cdd800 JavaThread "main-FPSAWTAnimator#00-Timer0" [_thread_blocked, id=14688, stack(0x00000000209e0000,0x0000000020ae0000)]
=>0x000000001783c000 JavaThread "AWT-EventQueue-0" [_thread_in_native, id=10728, stack(0x0000000019060000,0x0000000019160000)]
  0x0000000017305800 JavaThread "AWT-Shutdown" [_thread_blocked, id=16780, stack(0x0000000018030000,0x0000000018130000)]
  0x0000000017304800 JavaThread "Java2D Disposer" daemon [_thread_blocked, id=16280, stack(0x0000000017ea0000,0x0000000017fa0000)]
  0x0000000016f6a800 JavaThread "Service Thread" daemon [_thread_blocked, id=14888, stack(0x0000000017330000,0x0000000017430000)]
  0x00000000155bf000 JavaThread "C1 CompilerThread2" daemon [_thread_blocked, id=4536, stack(0x0000000016e30000,0x0000000016f30000)]
  0x00000000155bb800 JavaThread "C2 CompilerThread1" daemon [_thread_blocked, id=6384, stack(0x0000000016d30000,0x0000000016e30000)]
  0x00000000155ae000 JavaThread "C2 CompilerThread0" daemon [_thread_blocked, id=8024, stack(0x0000000016c30000,0x0000000016d30000)]
  0x00000000155aa800 JavaThread "Attach Listener" daemon [_thread_blocked, id=18340, stack(0x0000000016b30000,0x0000000016c30000)]
  0x00000000155a9800 JavaThread "Signal Dispatcher" daemon [_thread_blocked, id=16628, stack(0x0000000016a30000,0x0000000016b30000)]
  0x00000000031ac800 JavaThread "Finalizer" daemon [_thread_blocked, id=17024, stack(0x0000000016810000,0x0000000016910000)]
  0x00000000031a1000 JavaThread "Reference Handler" daemon [_thread_blocked, id=6912, stack(0x0000000016710000,0x0000000016810000)]

Other Threads:
  0x0000000015576800 VMThread [stack: 0x0000000016610000,0x0000000016710000] [id=17788]
  0x0000000016f70000 WatcherThread [stack: 0x0000000017430000,0x0000000017530000] [id=15040]

VM state:not at safepoint (normal execution)

VM Mutex/Monitor currently owned by a thread: None

Heap:
 PSYoungGen      total 224768K, used 92052K [0x00000000ec400000, 0x0000000100000000, 0x0000000100000000)
  eden space 153600K, 13% used [0x00000000ec400000,0x00000000ed86a7e8,0x00000000f5a00000)
  from space 71168K, 99% used [0x00000000fba80000,0x00000000ffffab00,0x0000000100000000)
  to   space 84992K, 0% used [0x00000000f5a00000,0x00000000f5a00000,0x00000000fad00000)
 ParOldGen       total 296448K, used 240812K [0x00000000c4c00000, 0x00000000d6d80000, 0x00000000ec400000)
  object space 296448K, 81% used [0x00000000c4c00000,0x00000000d372b320,0x00000000d6d80000)
 Metaspace       used 15863K, capacity 16082K, committed 16384K, reserved 1064960K
  class space    used 1616K, capacity 1708K, committed 1792K, reserved 1048576K

Card table byte_map: [0x0000000012570000,0x0000000012750000] byte_map_base: 0x0000000011f4a000

Marking Bits: (ParMarkBitMap*) 0x0000000067eca6c0
 Begin Bits: [0x0000000012c90000, 0x0000000013b60000)
 End Bits:   [0x0000000013b60000, 0x0000000014a30000)

Polling page: 0x0000000001720000

CodeCache: size=245760Kb used=4680Kb max_used=4680Kb free=241079Kb
 bounds [0x00000000031b0000, 0x0000000003650000, 0x00000000121b0000]
 total_blobs=1966 nmethods=1111 adapters=768
 compilation: enabled

Compilation events (10 events):
Event: 6.880 Thread 0x00000000155bf000 1108       1       java.security.AccessControlContext::getContext (5 bytes)
Event: 6.880 Thread 0x00000000155bf000 nmethod 1108 0x0000000003620210 code [0x0000000003620360, 0x0000000003620470]
Event: 7.260 Thread 0x00000000155bf000 1109       1       jogamp.common.util.locks.RecursiveLockImpl01Unfairish$SingleThreadSync::getHoldCount (5 bytes)
Event: 7.260 Thread 0x00000000155bf000 nmethod 1109 0x000000000360b090 code [0x000000000360b1e0, 0x000000000360b2f0]
Event: 7.624 Thread 0x00000000155bf000 1110       1       com.jogamp.common.nio.StructAccessor::getBuffer (5 bytes)
Event: 7.624 Thread 0x00000000155bf000 nmethod 1110 0x000000000363b050 code [0x000000000363b1a0, 0x000000000363b2b0]
Event: 7.997 Thread 0x00000000155bf000 1111       3       jogamp.common.util.locks.RecursiveLockImpl01Unfairish$SingleThreadSync::isOwner (14 bytes)
Event: 7.997 Thread 0x00000000155bf000 nmethod 1111 0x000000000363ac10 code [0x000000000363ad60, 0x000000000363afb0]
Event: 8.547 Thread 0x00000000155bf000 1113       3       sun.awt.AWTAccessor::getComponentAccessor (18 bytes)
Event: 8.547 Thread 0x00000000155bf000 nmethod 1113 0x000000000363a450 code [0x000000000363a5c0, 0x000000000363a808]

GC Heap History (10 events):
Event: 4.800 GC heap before
{Heap before GC invocations=16 (full 3):
 PSYoungGen      total 259072K, used 241121K [0x00000000ec400000, 0x00000000ffb00000, 0x0000000100000000)
  eden space 220160K, 100% used [0x00000000ec400000,0x00000000f9b00000,0x00000000f9b00000)
  from space 38912K, 53% used [0x00000000fd500000,0x00000000fe9785a8,0x00000000ffb00000)
  to   space 49152K, 0% used [0x00000000f9b00000,0x00000000f9b00000,0x00000000fcb00000)
 ParOldGen       total 205824K, used 134742K [0x00000000c4c00000, 0x00000000d1500000, 0x00000000ec400000)
  object space 205824K, 65% used [0x00000000c4c00000,0x00000000ccf95b68,0x00000000d1500000)
 Metaspace       used 15801K, capacity 16076K, committed 16384K, reserved 1064960K
  class space    used 1608K, capacity 1707K, committed 1792K, reserved 1048576K
Event: 4.908 GC heap after
Heap after GC invocations=16 (full 3):
 PSYoungGen      total 269312K, used 37617K [0x00000000ec400000, 0x0000000100000000, 0x0000000100000000)
  eden space 220160K, 0% used [0x00000000ec400000,0x00000000ec400000,0x00000000f9b00000)
  from space 49152K, 76% used [0x00000000f9b00000,0x00000000fbfbc518,0x00000000fcb00000)
  to   space 52736K, 0% used [0x00000000fcc80000,0x00000000fcc80000,0x0000000100000000)
 ParOldGen       total 205824K, used 155790K [0x00000000c4c00000, 0x00000000d1500000, 0x00000000ec400000)
  object space 205824K, 75% used [0x00000000c4c00000,0x00000000ce423b68,0x00000000d1500000)
 Metaspace       used 15801K, capacity 16076K, committed 16384K, reserved 1064960K
  class space    used 1608K, capacity 1707K, committed 1792K, reserved 1048576K
}
Event: 5.101 GC heap before
{Heap before GC invocations=17 (full 3):
 PSYoungGen      total 269312K, used 257777K [0x00000000ec400000, 0x0000000100000000, 0x0000000100000000)
  eden space 220160K, 100% used [0x00000000ec400000,0x00000000f9b00000,0x00000000f9b00000)
  from space 49152K, 76% used [0x00000000f9b00000,0x00000000fbfbc518,0x00000000fcb00000)
  to   space 52736K, 0% used [0x00000000fcc80000,0x00000000fcc80000,0x0000000100000000)
 ParOldGen       total 205824K, used 155790K [0x00000000c4c00000, 0x00000000d1500000, 0x00000000ec400000)
  object space 205824K, 75% used [0x00000000c4c00000,0x00000000ce423b68,0x00000000d1500000)
 Metaspace       used 15801K, capacity 16076K, committed 16384K, reserved 1064960K
  class space    used 1608K, capacity 1707K, committed 1792K, reserved 1048576K
Event: 5.185 GC heap after
Heap after GC invocations=17 (full 3):
 PSYoungGen      total 233984K, used 52715K [0x00000000ec400000, 0x0000000100000000, 0x0000000100000000)
  eden space 181248K, 0% used [0x00000000ec400000,0x00000000ec400000,0x00000000f7500000)
  from space 52736K, 99% used [0x00000000fcc80000,0x00000000ffffacc0,0x0000000100000000)
  to   space 71168K, 0% used [0x00000000f7500000,0x00000000f7500000,0x00000000fba80000)
 ParOldGen       total 205824K, used 181718K [0x00000000c4c00000, 0x00000000d1500000, 0x00000000ec400000)
  object space 205824K, 88% used [0x00000000c4c00000,0x00000000cfd75b68,0x00000000d1500000)
 Metaspace       used 15801K, capacity 16076K, committed 16384K, reserved 1064960K
  class space    used 1608K, capacity 1707K, committed 1792K, reserved 1048576K
}
Event: 5.186 GC heap before
{Heap before GC invocations=18 (full 4):
 PSYoungGen      total 233984K, used 52715K [0x00000000ec400000, 0x0000000100000000, 0x0000000100000000)
  eden space 181248K, 0% used [0x00000000ec400000,0x00000000ec400000,0x00000000f7500000)
  from space 52736K, 99% used [0x00000000fcc80000,0x00000000ffffacc0,0x0000000100000000)
  to   space 71168K, 0% used [0x00000000f7500000,0x00000000f7500000,0x00000000fba80000)
 ParOldGen       total 205824K, used 181718K [0x00000000c4c00000, 0x00000000d1500000, 0x00000000ec400000)
  object space 205824K, 88% used [0x00000000c4c00000,0x00000000cfd75b68,0x00000000d1500000)
 Metaspace       used 15801K, capacity 16076K, committed 16384K, reserved 1064960K
  class space    used 1608K, capacity 1707K, committed 1792K, reserved 1048576K
Event: 5.735 GC heap after
Heap after GC invocations=18 (full 4):
 PSYoungGen      total 233984K, used 28618K [0x00000000ec400000, 0x0000000100000000, 0x0000000100000000)
  eden space 181248K, 0% used [0x00000000ec400000,0x00000000ec400000,0x00000000f7500000)
  from space 52736K, 54% used [0x00000000fcc80000,0x00000000fe872950,0x0000000100000000)
  to   space 71168K, 0% used [0x00000000f7500000,0x00000000f7500000,0x00000000fba80000)
 ParOldGen       total 296448K, used 205516K [0x00000000c4c00000, 0x00000000d6d80000, 0x00000000ec400000)
  object space 296448K, 69% used [0x00000000c4c00000,0x00000000d14b3320,0x00000000d6d80000)
 Metaspace       used 15801K, capacity 16076K, committed 16384K, reserved 1064960K
  class space    used 1608K, capacity 1707K, committed 1792K, reserved 1048576K
}
Event: 5.830 GC heap before
{Heap before GC invocations=19 (full 4):
 PSYoungGen      total 233984K, used 209866K [0x00000000ec400000, 0x0000000100000000, 0x0000000100000000)
  eden space 181248K, 100% used [0x00000000ec400000,0x00000000f7500000,0x00000000f7500000)
  from space 52736K, 54% used [0x00000000fcc80000,0x00000000fe872950,0x0000000100000000)
  to   space 71168K, 0% used [0x00000000f7500000,0x00000000f7500000,0x00000000fba80000)
 ParOldGen       total 296448K, used 205516K [0x00000000c4c00000, 0x00000000d6d80000, 0x00000000ec400000)
  object space 296448K, 69% used [0x00000000c4c00000,0x00000000d14b3320,0x00000000d6d80000)
 Metaspace       used 15801K, capacity 16076K, committed 16384K, reserved 1064960K
  class space    used 1608K, capacity 1707K, committed 1792K, reserved 1048576K
Event: 5.909 GC heap after
Heap after GC invocations=19 (full 4):
 PSYoungGen      total 252416K, used 38549K [0x00000000ec400000, 0x0000000100000000, 0x0000000100000000)
  eden space 181248K, 0% used [0x00000000ec400000,0x00000000ec400000,0x00000000f7500000)
  from space 71168K, 54% used [0x00000000f7500000,0x00000000f9aa57a0,0x00000000fba80000)
  to   space 71168K, 0% used [0x00000000fba80000,0x00000000fba80000,0x0000000100000000)
 ParOldGen       total 296448K, used 234292K [0x00000000c4c00000, 0x00000000d6d80000, 0x00000000ec400000)
  object space 296448K, 79% used [0x00000000c4c00000,0x00000000d30cd320,0x00000000d6d80000)
 Metaspace       used 15801K, capacity 16076K, committed 16384K, reserved 1064960K
  class space    used 1608K, capacity 1707K, committed 1792K, reserved 1048576K
}
Event: 6.014 GC heap before
{Heap before GC invocations=20 (full 4):
 PSYoungGen      total 252416K, used 219797K [0x00000000ec400000, 0x0000000100000000, 0x0000000100000000)
  eden space 181248K, 100% used [0x00000000ec400000,0x00000000f7500000,0x00000000f7500000)
  from space 71168K, 54% used [0x00000000f7500000,0x00000000f9aa57a0,0x00000000fba80000)
  to   space 71168K, 0% used [0x00000000fba80000,0x00000000fba80000,0x0000000100000000)
 ParOldGen       total 296448K, used 234292K [0x00000000c4c00000, 0x00000000d6d80000, 0x00000000ec400000)
  object space 296448K, 79% used [0x00000000c4c00000,0x00000000d30cd320,0x00000000d6d80000)
 Metaspace       used 15801K, capacity 16076K, committed 16384K, reserved 1064960K
  class space    used 1608K, capacity 1707K, committed 1792K, reserved 1048576K
Event: 6.080 GC heap after
Heap after GC invocations=20 (full 4):
 PSYoungGen      total 224768K, used 71146K [0x00000000ec400000, 0x0000000100000000, 0x0000000100000000)
  eden space 153600K, 0% used [0x00000000ec400000,0x00000000ec400000,0x00000000f5a00000)
  from space 71168K, 99% used [0x00000000fba80000,0x00000000ffffab00,0x0000000100000000)
  to   space 84992K, 0% used [0x00000000f5a00000,0x00000000f5a00000,0x00000000fad00000)
 ParOldGen       total 296448K, used 240812K [0x00000000c4c00000, 0x00000000d6d80000, 0x00000000ec400000)
  object space 296448K, 81% used [0x00000000c4c00000,0x00000000d372b320,0x00000000d6d80000)
 Metaspace       used 15801K, capacity 16076K, committed 16384K, reserved 1064960K
  class space    used 1608K, capacity 1707K, committed 1792K, reserved 1048576K
}

Deoptimization events (10 events):
Event: 4.321 Thread 0x000000001783c000 Uncommon trap: reason=class_check action=maybe_recompile pc=0x00000000035dc338 method=com.jogamp.common.nio.Buffers.isDirect(Ljava/lang/Object;)Z @ 7
Event: 4.321 Thread 0x000000001783c000 Uncommon trap: reason=class_check action=maybe_recompile pc=0x00000000035dc0bc method=com.jogamp.common.nio.Buffers.getDirectBufferByteOffset(Ljava/lang/Object;)I @ 7
Event: 4.351 Thread 0x000000001783c000 Uncommon trap: reason=unstable_if action=reinterpret pc=0x00000000035006e0 method=java.lang.String.trim()Ljava/lang/String; @ 23
Event: 4.351 Thread 0x000000001783c000 Uncommon trap: reason=unstable_if action=reinterpret pc=0x00000000035ae75c method=java.lang.Integer.parseInt(Ljava/lang/String;I)I @ 1
Event: 4.353 Thread 0x000000001783c000 Uncommon trap: reason=unstable_if action=reinterpret pc=0x0000000003548bd4 method=java.lang.String.isEmpty()Z @ 5
Event: 4.353 Thread 0x000000001783c000 Uncommon trap: reason=unstable_if action=reinterpret pc=0x0000000003536aec method=sun.misc.FloatingDecimal$ASCIIToBinaryBuffer.floatValue()F @ 70
Event: 5.953 Thread 0x000000001783c000 Uncommon trap: reason=unstable_if action=reinterpret pc=0x000000000360ea04 method=sun.misc.FloatingDecimal$ASCIIToBinaryBuffer.floatValue()F @ 1001
Event: 5.976 Thread 0x000000001783c000 Uncommon trap: reason=class_check action=maybe_recompile pc=0x00000000035906f0 method=sun.misc.FloatingDecimal.parseFloat(Ljava/lang/String;)F @ 4
Event: 6.509 Thread 0x000000001783c000 Uncommon trap: reason=unstable_if action=reinterpret pc=0x0000000003602d5c method=edu.itver.graf.objLoader.Object3d.draw(Lcom/jogamp/opengl/GL2;)V @ 14
Event: 7.871 Thread 0x000000001783c000 Uncommon trap: reason=unstable_if action=reinterpret pc=0x000000000356079c method=java.lang.Math.min(FF)F @ 37

Internal exceptions (10 events):
Event: 0.176 Thread 0x00000000030b1000 Exception <a 'java/lang/NoSuchFieldError': method resolution failed> (0x00000000ec605650) thrown at [C:\re\workspace\8-2-build-windows-amd64-cygwin\jdk8u111\7883\hotspot\src\share\vm\prims\methodHandles.cpp, line 1146]
Event: 0.178 Thread 0x00000000030b1000 Exception <a 'java/lang/NoSuchFieldError': method resolution failed> (0x00000000ec612a20) thrown at [C:\re\workspace\8-2-build-windows-amd64-cygwin\jdk8u111\7883\hotspot\src\share\vm\prims\methodHandles.cpp, line 1146]
Event: 0.216 Thread 0x00000000030b1000 Exception <a 'java/io/FileNotFoundException'> (0x00000000ec6a71c0) thrown at [C:\re\workspace\8-2-build-windows-amd64-cygwin\jdk8u111\7883\hotspot\src\share\vm\prims\jni.cpp, line 709]
Event: 0.278 Thread 0x00000000030b1000 Implicit null exception at 0x0000000003331d62 to 0x0000000003331f29
Event: 1.587 Thread 0x00000000030b1000 Exception <a 'java/lang/reflect/InvocationTargetException'> (0x00000000ec68f558) thrown at [C:\re\workspace\8-2-build-windows-amd64-cygwin\jdk8u111\7883\hotspot\src\share\vm\runtime\reflection.cpp, line 1092]
Event: 1.643 Thread 0x00000000030b1000 Exception <a 'java/lang/reflect/InvocationTargetException'> (0x00000000ec73c408) thrown at [C:\re\workspace\8-2-build-windows-amd64-cygwin\jdk8u111\7883\hotspot\src\share\vm\runtime\reflection.cpp, line 1092]
Event: 3.785 Thread 0x000000001783c000 Implicit null exception at 0x0000000003588752 to 0x0000000003589fbd
Event: 3.788 Thread 0x000000001783c000 Exception <a 'java/io/FileNotFoundException'> (0x00000000ed332e78) thrown at [C:\re\workspace\8-2-build-windows-amd64-cygwin\jdk8u111\7883\hotspot\src\share\vm\prims\jni.cpp, line 709]
Event: 4.351 Thread 0x000000001783c000 Implicit null exception at 0x00000000035ae26f to 0x00000000035ae74d
Event: 6.085 Thread 0x000000001783c000 Exception <a 'java/io/FileNotFoundException'> (0x00000000ecad8d58) thrown at [C:\re\workspace\8-2-build-windows-amd64-cygwin\jdk8u111\7883\hotspot\src\share\vm\prims\jni.cpp, line 709]

Events (10 events):
Event: 8.547 Thread 0x00000000155c3000 Thread added: 0x00000000155c3000
Event: 8.547 Thread 0x000000002225b800 Thread exited: 0x000000002225b800
Event: 8.548 loading class java/nio/channels/ClosedChannelException
Event: 8.549 loading class java/nio/channels/ClosedChannelException done
Event: 8.549 Thread 0x00000000155c3000 Thread exited: 0x00000000155c3000
Event: 8.717 Thread 0x000000001792e000 Thread exited: 0x000000001792e000
Event: 8.717 loading class jogamp/opengl/egl/EGLGraphicsConfigurationFactory
Event: 8.717 loading class jogamp/opengl/egl/EGLGraphicsConfigurationFactory done
Event: 8.719 loading class com/jogamp/nativewindow/egl/EGLGraphicsDevice
Event: 8.719 loading class com/jogamp/nativewindow/egl/EGLGraphicsDevice done


Dynamic libraries:
0x00007ff6ddd00000 - 0x00007ff6ddd37000 	C:\Program Files\Java\jdk1.8.0_111\bin\java.exe
0x00007ff8db710000 - 0x00007ff8db908000 	C:\Windows\SYSTEM32\ntdll.dll
0x00007ff8daca0000 - 0x00007ff8dad5f000 	C:\Windows\System32\KERNEL32.DLL
0x00007ff8d8e40000 - 0x00007ff8d9112000 	C:\Windows\System32\KERNELBASE.dll
0x00007ff8da900000 - 0x00007ff8da9ae000 	C:\Windows\System32\ADVAPI32.dll
0x00007ff8da180000 - 0x00007ff8da21e000 	C:\Windows\System32\msvcrt.dll
0x00007ff8da3c0000 - 0x00007ff8da45c000 	C:\Windows\System32\sechost.dll
0x00007ff8d9b80000 - 0x00007ff8d9ca5000 	C:\Windows\System32\RPCRT4.dll
0x00007ff8dad70000 - 0x00007ff8daf0d000 	C:\Windows\System32\USER32.dll
0x00007ff8d9730000 - 0x00007ff8d9752000 	C:\Windows\System32\win32u.dll
0x00007ff8d9b50000 - 0x00007ff8d9b7b000 	C:\Windows\System32\GDI32.dll
0x00007ff8d9590000 - 0x00007ff8d969f000 	C:\Windows\System32\gdi32full.dll
0x00007ff8d91d0000 - 0x00007ff8d926d000 	C:\Windows\System32\msvcp_win.dll
0x00007ff8d92e0000 - 0x00007ff8d93e0000 	C:\Windows\System32\ucrtbase.dll
0x00007ff8c7620000 - 0x00007ff8c78ba000 	C:\Windows\WinSxS\amd64_microsoft.windows.common-controls_6595b64144ccf1df_6.0.19041.1110_none_60b5254171f9507e\COMCTL32.dll
0x00007ff8dac60000 - 0x00007ff8dac92000 	C:\Windows\System32\IMM32.DLL
0x0000000068560000 - 0x0000000068632000 	C:\Program Files\Java\jdk1.8.0_111\jre\bin\msvcr100.dll
0x00000000676b0000 - 0x0000000067f4a000 	C:\Program Files\Java\jdk1.8.0_111\jre\bin\server\jvm.dll
0x00007ff8dad60000 - 0x00007ff8dad68000 	C:\Windows\System32\PSAPI.DLL
0x00007ff8d0b40000 - 0x00007ff8d0b49000 	C:\Windows\SYSTEM32\WSOCK32.dll
0x00007ff8c8310000 - 0x00007ff8c8337000 	C:\Windows\SYSTEM32\WINMM.dll
0x00007ff8da350000 - 0x00007ff8da3bb000 	C:\Windows\System32\WS2_32.dll
0x00007ff8cb470000 - 0x00007ff8cb47a000 	C:\Windows\SYSTEM32\VERSION.dll
0x00000000676a0000 - 0x00000000676af000 	C:\Program Files\Java\jdk1.8.0_111\jre\bin\verify.dll
0x0000000067670000 - 0x0000000067699000 	C:\Program Files\Java\jdk1.8.0_111\jre\bin\java.dll
0x0000000067650000 - 0x0000000067666000 	C:\Program Files\Java\jdk1.8.0_111\jre\bin\zip.dll
0x00007ff8daf70000 - 0x00007ff8db6b3000 	C:\Windows\System32\SHELL32.dll
0x00007ff8d6eb0000 - 0x00007ff8d7642000 	C:\Windows\SYSTEM32\windows.storage.dll
0x00007ff8da590000 - 0x00007ff8da8e4000 	C:\Windows\System32\combase.dll
0x00007ff8d8870000 - 0x00007ff8d88a0000 	C:\Windows\SYSTEM32\Wldp.dll
0x00007ff8da4c0000 - 0x00007ff8da56d000 	C:\Windows\System32\SHCORE.dll
0x00007ff8daf10000 - 0x00007ff8daf65000 	C:\Windows\System32\shlwapi.dll
0x00007ff8d8d50000 - 0x00007ff8d8d6f000 	C:\Windows\SYSTEM32\profapi.dll
0x0000000067470000 - 0x0000000067608000 	C:\Program Files\Java\jdk1.8.0_111\jre\bin\awt.dll
0x00007ff8d9760000 - 0x00007ff8d982d000 	C:\Windows\System32\OLEAUT32.dll
0x00007ff8d6240000 - 0x00007ff8d62d1000 	C:\Windows\SYSTEM32\apphelp.dll
0x00007ff8d6510000 - 0x00007ff8d653f000 	C:\Windows\system32\DWMAPI.DLL
0x00007ff8d63e0000 - 0x00007ff8d647e000 	C:\Windows\system32\uxtheme.dll
0x00007ff8daa90000 - 0x00007ff8daba5000 	C:\Windows\System32\MSCTF.dll
0x00007ff8da220000 - 0x00007ff8da34a000 	C:\Windows\System32\ole32.dll
0x00007ff8d7660000 - 0x00007ff8d7672000 	C:\Windows\SYSTEM32\kernel.appcore.dll
0x00007ff8d96a0000 - 0x00007ff8d9722000 	C:\Windows\System32\bcryptPrimitives.dll
0x00007ff8d87c0000 - 0x00007ff8d87d8000 	C:\Windows\SYSTEM32\CRYPTSP.dll
0x00007ff8d7e80000 - 0x00007ff8d7eb4000 	C:\Windows\system32\rsaenh.dll
0x00007ff8d8e10000 - 0x00007ff8d8e37000 	C:\Windows\System32\bcrypt.dll
0x00007ff8d8cd0000 - 0x00007ff8d8cfe000 	C:\Windows\SYSTEM32\USERENV.dll
0x00007ff8d87e0000 - 0x00007ff8d87ec000 	C:\Windows\SYSTEM32\CRYPTBASE.dll
0x0000000067630000 - 0x000000006764a000 	C:\Program Files\Java\jdk1.8.0_111\jre\bin\net.dll
0x00007ff8d85d0000 - 0x00007ff8d863a000 	C:\Windows\system32\mswsock.dll
0x00007ff8d8270000 - 0x00007ff8d82ab000 	C:\Windows\SYSTEM32\IPHLPAPI.DLL
0x00007ff8db6c0000 - 0x00007ff8db6c8000 	C:\Windows\System32\NSI.dll
0x00007ff8cb540000 - 0x00007ff8cb557000 	C:\Windows\SYSTEM32\dhcpcsvc6.DLL
0x00007ff8cb520000 - 0x00007ff8cb53d000 	C:\Windows\SYSTEM32\dhcpcsvc.DLL
0x00007ff8d82b0000 - 0x00007ff8d837a000 	C:\Windows\SYSTEM32\DNSAPI.dll
0x0000000067610000 - 0x0000000067621000 	C:\Program Files\Java\jdk1.8.0_111\jre\bin\nio.dll
0x00000000637c0000 - 0x00000000637cd000 	C:\Users\fatim\AppData\Local\Temp\jogamp_0000\file_cache\jln8644040537786919013\jln6519492100917139074\natives\windows-amd64\gluegen-rt.dll
0x0000000067380000 - 0x0000000067387000 	C:\Program Files\Java\jdk1.8.0_111\jre\bin\jawt.dll
0x000000006a440000 - 0x000000006a44d000 	C:\Users\fatim\AppData\Local\Temp\jogamp_0000\file_cache\jln8644040537786919013\jln6519492100917139074\natives\windows-amd64\nativewindow_awt.dll
0x000000006c100000 - 0x000000006c10f000 	C:\Users\fatim\AppData\Local\Temp\jogamp_0000\file_cache\jln8644040537786919013\jln6519492100917139074\natives\windows-amd64\nativewindow_win32.dll
0x00007ff8b3340000 - 0x00007ff8b3465000 	C:\Windows\SYSTEM32\OpenGL32.dll
0x00007ff8c3320000 - 0x00007ff8c334c000 	C:\Windows\SYSTEM32\GLU32.dll
0x0000000064500000 - 0x00000000645b1000 	C:\Users\fatim\AppData\Local\Temp\jogamp_0000\file_cache\jln8644040537786919013\jln6519492100917139074\natives\windows-amd64\jogl_desktop.dll
0x0000000064340000 - 0x00000000643a2000 	C:\Users\fatim\AppData\Local\Temp\jogamp_0000\file_cache\jln8644040537786919013\jln6519492100917139074\natives\windows-amd64\jogl_mobile.dll
0x00007ff8dabb0000 - 0x00007ff8dac5f000 	C:\Windows\System32\clbcatq.dll
0x00007ff8829a0000 - 0x00007ff88392d000 	C:\Windows\System32\DriverStore\FileRepository\iigd_dch.inf_amd64_33577e92f63c0c5b\igxelpicd64.dll
0x00007ff8d76d0000 - 0x00007ff8d77c3000 	C:\Windows\system32\dxgi.dll
0x00007ff887bf0000 - 0x00007ff88802c000 	C:\Windows\System32\DriverStore\FileRepository\iigd_dch.inf_amd64_33577e92f63c0c5b\igdml64.dll
0x00007ff8cf290000 - 0x00007ff8cf5c6000 	C:\Windows\System32\DriverStore\FileRepository\iigd_dch.inf_amd64_33577e92f63c0c5b\igdgmm64.dll
0x00007ff8cc4c0000 - 0x00007ff8cf24f000 	C:\Windows\System32\DriverStore\FileRepository\iigd_dch.inf_amd64_33577e92f63c0c5b\igc64.dll
0x00007ff8d83f0000 - 0x00007ff8d843b000 	C:\Windows\SYSTEM32\powrprof.dll
0x00007ff8d8250000 - 0x00007ff8d8262000 	C:\Windows\SYSTEM32\UMPDC.dll
0x0000000067420000 - 0x0000000067467000 	C:\Program Files\Java\jdk1.8.0_111\jre\bin\fontmanager.dll
0x00007ff8b1320000 - 0x00007ff8b1419000 	C:\Windows\SYSTEM32\textinputframework.dll
0x00007ff8d5850000 - 0x00007ff8d5bae000 	C:\Windows\System32\CoreUIComponents.dll
0x00007ff8d5f30000 - 0x00007ff8d6022000 	C:\Windows\System32\CoreMessaging.dll
0x00007ff8d7fc0000 - 0x00007ff8d7ff3000 	C:\Windows\SYSTEM32\ntmarta.dll
0x00007ff8d46d0000 - 0x00007ff8d4824000 	C:\Windows\SYSTEM32\wintypes.dll
0x00007ff8a1090000 - 0x00007ff8a10f6000 	C:\Windows\system32\Oleacc.dll
0x00007ff8d6a50000 - 0x00007ff8d6c34000 	C:\Windows\SYSTEM32\dbghelp.dll

VM Arguments:
jvm_args: -Dfile.encoding=UTF-8 
java_command: edu.itver.graf.objLoader.test.Jogl2ObjLoader
java_class_path (initial): C:\Java\jogamp-all-platforms\jar\gluegen-rt.jar;C:\Java\jogamp-all-platforms\jar\gluegen.jar;C:\Java\jogamp-all-platforms\jar\joal.jar;C:\Java\jogamp-all-platforms\jar\jocl.jar;C:\Java\jogamp-all-platforms\jar\jogl-all.jar;C:\Users\fatim\OneDrive\Documentos\NetBeansProjects\PracticasGraficacion\04jogl2-obj-loader\build\classes
Launcher Type: SUN_STANDARD

Environment Variables:
PATH=C:\ProgramData\Oracle\Java\javapath;C:\Windows\system32;C:\Windows;C:\Windows\System32\Wbem;C:\Windows\System32\WindowsPowerShell\v1.0\;C:\Windows\System32\OpenSSH\;C:\Program Files\Java\javacc-6.0.1\bin;C:\Program Files\Java\jdk-19;C:\Users\fatim\AppData\Local\Microsoft\WindowsApps;C:\Users\fatim\AppData\Local\GitHubDesktop\bin;C:\Program Files\JetBrains\IntelliJ IDEA Community Edition 2022.2.3\bin;;C:\Users\fatim\AppData\Local\Programs\Microsoft VS Code\bin
USERNAME=fatim
OS=Windows_NT
PROCESSOR_IDENTIFIER=Intel64 Family 6 Model 140 Stepping 1, GenuineIntel



---------------  S Y S T E M  ---------------

OS: Windows 10.0 , 64 bit Build 19041 (10.0.19041.2251)

CPU:total 4 (2 cores per cpu, 2 threads per core) family 6 model 140 stepping 1, cmov, cx8, fxsr, mmx, sse, sse2, sse3, ssse3, sse4.1, sse4.2, popcnt, avx, avx2, aes, clmul, erms, 3dnowpref, lzcnt, ht, tsc, tscinvbit, bmi1, bmi2, adx

Memory: 4k page, physical 3881260k(174600k free), swap 8075564k(1195176k free)

vm_info: Java HotSpot(TM) 64-Bit Server VM (25.111-b14) for windows-amd64 JRE (1.8.0_111-b14), built on Sep 22 2016 19:24:05 by "java_re" with MS VC++ 10.0 (VS2010)

time: Sat Nov 26 20:25:16 2022
elapsed time: 8 seconds (0d 0h 0m 8s)

